-328.000000
450
0 1
0 5
0 7
0 23
0 25
0 28
0 29
0 48
0 51
0 53
0 54
0 65
0 66
0 73
0 78
0 92
0 94
0 95
0 103
0 114
0 116
0 118
0 119
0 123
0 124
0 126
0 127
0 130
0 131
0 150
0 162
0 169
0 173
0 176
0 178
0 181
0 185
0 186
0 194
0 196
0 201
0 206
0 207
0 217
0 223
0 230
0 232
0 237
0 240
0 247
0 248
0 250
0 254
0 260
0 261
0 265
0 269
0 270
0 274
0 280
0 282
0 298
0 299
0 303
0 307
0 311
0 314
0 319
0 320
0 341
0 342
0 343
0 350
0 366
0 369
0 371
0 378
0 384
0 391
0 393
0 403
0 405
0 407
0 416
0 418
0 419
0 423
0 425
0 428
0 430
0 431
0 441
0 444
0 446
1 0
1 365
2 30
3 166
3 285
3 343
4 403
5 0
5 35
5 190
6 127
7 0
7 55
7 224
8 53
8 97
8 104
9 252
10 69
10 225
10 391
11 57
11 249
11 443
12 376
13 86
13 383
14 123
14 158
15 130
15 204
15 279
15 427
16 197
16 395
16 444
17 152
18 122
19 67
19 205
20 82
21 368
22 87
22 150
22 159
22 433
23 0
23 164
24 77
24 329
24 423
25 0
25 239
25 356
26 371
27 399
28 0
28 243
28 253
29 0
29 402
30 2
30 38
30 167
30 320
30 435
31 390
32 89
32 117
33 95
34 156
34 223
34 387
35 5
35 63
36 281
37 38
37 174
38 30
38 37
39 59
39 76
39 248
40 426
41 115
41 139
42 116
43 185
43 222
44 103
44 234
45 113
45 195
46 368
46 407
47 304
47 334
48 0
49 220
49 246
49 417
50 178
50 352
51 0
52 392
52 428
53 0
53 8
54 0
54 216
55 7
56 190
57 11
58 213
59 39
60 186
61 299
62 334
63 35
63 165
64 105
64 141
64 410
65 0
65 347
66 0
67 19
67 430
68 163
69 10
69 86
70 408
70 415
71 148
71 157
72 177
72 236
73 0
73 84
73 214
73 286
74 264
75 390
76 39
76 289
77 24
78 0
79 124
80 322
81 285
82 20
82 156
83 183
84 73
85 98
86 13
86 69
86 212
87 22
88 299
89 32
90 256
91 255
91 362
92 0
92 211
93 269
94 0
95 0
95 33
95 338
96 176
97 8
98 85
98 253
99 117
100 433
101 261
102 150
103 0
103 44
104 8
104 144
104 163
105 64
106 297
107 240
108 204
108 313
109 219
109 234
110 150
111 232
111 267
112 229
112 281
113 45
114 0
114 382
115 41
116 0
116 42
117 32
117 99
117 126
118 0
118 325
119 0
119 385
120 251
120 352
121 369
122 18
122 245
123 0
123 14
124 0
124 79
125 449
126 0
126 117
126 182
127 0
127 6
127 264
128 134
129 426
130 0
130 15
130 439
131 0
131 333
132 158
133 419
134 128
134 424
135 415
136 254
136 322
136 328
137 179
137 314
138 231
138 431
139 41
139 311
140 411
140 422
141 64
141 378
142 181
142 445
143 399
143 441
144 104
145 275
145 446
146 430
147 400
148 71
148 273
149 230
150 0
150 22
150 102
150 110
151 215
151 358
152 17
152 247
152 438
153 220
154 280
154 381
155 367
155 370
156 34
156 82
157 71
157 330
158 14
158 132
158 175
159 22
159 309
160 413
161 301
162 0
162 215
163 68
163 104
164 23
164 335
164 359
165 63
166 3
167 30
167 288
168 213
168 217
169 0
169 448
170 228
170 349
171 263
171 272
172 246
173 0
174 37
175 158
175 379
176 0
176 96
176 397
177 72
177 298
178 0
178 50
179 137
179 389
180 203
180 347
181 0
181 142
182 126
183 83
183 266
184 200
184 255
185 0
185 43
186 0
186 60
186 327
187 306
188 206
189 218
189 426
190 5
190 56
191 202
191 381
192 237
192 316
193 313
194 0
195 45
195 293
196 0
196 396
197 16
198 289
199 257
199 262
200 184
200 287
201 0
202 191
202 271
202 363
203 180
204 15
204 108
205 19
206 0
206 188
207 0
208 351
209 436
210 365
210 440
211 92
212 86
213 58
213 168
214 73
214 297
215 151
215 162
215 326
215 337
216 54
216 292
217 0
217 168
218 189
219 109
220 49
220 153
221 371
222 43
222 372
223 0
223 34
223 401
224 7
224 249
225 10
226 265
226 331
227 278
228 170
228 437
229 112
230 0
230 149
231 138
231 390
232 0
232 111
233 431
234 44
234 109
234 294
234 324
235 392
236 72
237 0
237 192
237 345
238 301
238 333
239 25
240 0
240 107
241 334
242 274
243 28
244 348
244 441
245 122
245 250
246 49
246 172
246 321
246 425
247 0
247 152
248 0
248 39
249 11
249 224
249 415
250 0
250 245
251 120
252 9
252 291
252 416
253 28
253 98
254 0
254 136
255 91
255 184
256 90
256 303
257 199
257 447
258 303
259 419
260 0
260 308
261 0
261 101
262 199
263 171
263 429
264 74
264 127
265 0
265 226
266 183
266 341
267 111
267 317
268 274
268 426
269 0
269 93
269 281
269 374
270 0
270 296
270 400
271 202
272 171
273 148
274 0
274 242
274 268
275 145
275 421
276 307
276 432
277 280
278 227
278 386
278 402
279 15
280 0
280 154
280 277
281 36
281 112
281 269
282 0
282 340
283 314
284 360
285 3
285 81
285 353
286 73
287 200
287 367
287 384
288 167
289 76
289 198
290 404
291 252
292 216
293 195
293 393
294 234
295 354
295 448
296 270
296 330
297 106
297 214
298 0
298 177
298 339
299 0
299 61
299 88
300 350
300 436
301 161
301 238
302 419
303 0
303 256
303 258
303 310
304 47
304 366
305 368
306 187
306 397
307 0
307 276
307 394
308 260
308 349
309 159
310 303
311 0
311 139
311 315
312 393
313 108
313 193
314 0
314 137
314 283
315 311
316 192
317 267
318 409
319 0
319 434
320 0
320 30
321 246
322 80
322 136
323 392
324 234
325 118
326 215
327 186
327 413
328 136
328 411
329 24
330 157
330 296
331 226
331 380
331 447
332 427
333 131
333 238
334 47
334 62
334 241
335 164
336 395
337 215
338 95
338 429
339 298
340 282
340 409
341 0
341 266
342 0
342 404
343 0
343 3
344 390
345 237
345 449
346 375
347 65
347 180
348 244
348 406
349 170
349 308
350 0
350 300
351 208
351 369
352 50
352 120
352 375
353 285
354 295
355 357
355 418
356 25
357 355
358 151
359 164
360 284
360 409
361 405
362 91
363 202
364 412
365 1
365 210
365 414
366 0
366 304
367 155
367 287
368 21
368 46
368 305
369 0
369 121
369 351
370 155
371 0
371 26
371 221
372 222
373 396
374 269
375 346
375 352
376 12
376 394
377 388
377 403
378 0
378 141
379 175
380 331
381 154
381 191
382 114
383 13
384 0
384 287
385 119
386 278
387 34
388 377
389 179
390 31
390 75
390 231
390 344
391 0
391 10
392 52
392 235
392 323
393 0
393 293
393 312
394 307
394 376
395 16
395 336
396 196
396 373
397 176
397 306
398 418
399 27
399 143
400 147
400 270
401 223
402 29
402 278
403 0
403 4
403 377
404 290
404 342
404 412
405 0
405 361
405 420
406 348
407 0
407 46
408 70
409 318
409 340
409 360
410 64
411 140
411 328
412 364
412 404
413 160
413 327
414 365
415 70
415 135
415 249
416 0
416 252
417 49
418 0
418 355
418 398
419 0
419 133
419 259
419 302
420 405
421 275
422 140
423 0
423 24
424 134
424 438
425 0
425 246
426 40
426 129
426 189
426 268
427 15
427 332
428 0
428 52
429 263
429 338
430 0
430 67
430 146
430 442
431 0
431 138
431 233
432 276
433 22
433 100
434 319
435 30
436 209
436 300
437 228
438 152
438 424
439 130
440 210
441 0
441 143
441 244
442 430
443 11
444 0
444 16
445 142
446 0
446 145
447 257
447 331
448 169
448 295
449 125
449 345
