1938.000000
300
0 5
0 10
0 19
0 21
0 26
0 31
0 35
0 41
0 43
0 60
0 62
0 63
0 65
0 69
0 70
0 74
0 80
0 92
0 93
0 95
0 96
0 101
0 105
0 118
0 121
0 127
0 129
0 130
0 134
0 141
0 144
0 145
0 150
0 163
0 175
0 177
0 178
0 180
0 181
0 182
0 183
0 188
0 193
0 209
0 217
0 224
0 228
0 231
0 241
0 244
0 247
0 249
0 257
0 260
0 261
0 262
0 264
0 267
0 272
0 274
0 278
0 281
0 289
0 297
1 236
2 26
3 267
4 105
5 0
5 296
6 225
7 216
8 25
9 227
10 0
10 128
10 196
11 118
11 226
12 66
13 237
14 62
15 154
16 26
16 194
17 49
17 197
18 274
19 0
19 211
20 188
21 0
21 131
22 90
23 121
24 188
25 8
25 87
25 136
25 181
26 0
26 2
26 16
26 34
26 59
26 72
26 169
27 175
27 221
27 258
28 112
28 127
29 144
30 103
31 0
31 94
32 151
33 39
33 46
33 76
33 234
33 279
34 26
35 0
35 140
35 284
36 85
37 60
38 125
38 216
38 219
38 289
39 33
39 168
39 286
40 85
41 0
41 203
42 248
43 0
43 213
44 92
44 270
45 110
45 164
46 33
47 91
48 172
48 259
49 17
49 163
49 251
50 298
51 110
52 96
53 56
53 92
54 224
55 247
56 53
57 128
57 273
58 63
58 283
59 26
59 220
60 0
60 37
61 92
61 174
62 0
62 14
63 0
63 58
64 80
65 0
66 12
66 129
66 143
67 105
68 118
69 0
69 259
70 0
70 110
70 115
70 191
71 139
71 204
71 237
72 26
72 268
73 274
74 0
74 85
74 153
74 192
74 198
74 252
75 122
76 33
77 81
78 90
79 263
80 0
80 64
81 77
81 179
81 264
81 288
82 96
83 287
84 225
85 36
85 40
85 74
85 156
85 250
86 271
87 25
87 97
88 125
89 178
90 22
90 78
90 117
90 233
91 47
91 263
92 0
92 44
92 53
92 61
92 186
93 0
94 31
94 102
94 106
95 0
95 269
96 0
96 52
96 82
96 135
97 87
98 216
99 176
100 263
101 0
101 201
101 233
102 94
102 124
102 126
102 222
102 292
102 295
103 30
103 141
104 147
105 0
105 4
105 67
105 122
105 206
105 227
105 290
106 94
107 245
108 207
109 127
110 45
110 51
110 70
111 113
111 243
111 262
112 28
113 111
114 274
115 70
115 146
115 171
116 129
117 90
118 0
118 11
118 68
118 119
118 148
119 118
120 183
120 195
120 255
121 0
121 23
122 75
122 105
123 134
124 102
125 38
125 88
126 102
127 0
127 28
127 109
127 207
127 214
127 235
127 253
127 299
128 10
128 57
128 237
129 0
129 66
129 116
129 173
130 0
130 291
131 21
132 221
133 179
134 0
134 123
135 96
136 25
136 166
137 163
138 160
138 217
138 276
139 71
140 35
141 0
141 103
141 176
142 164
143 66
144 0
144 29
145 0
145 240
146 115
147 104
147 249
148 118
149 199
150 0
151 32
151 274
152 158
152 181
152 294
153 74
154 15
154 161
154 218
154 275
154 287
155 213
156 85
156 265
157 221
158 152
159 263
160 138
160 256
161 154
162 193
163 0
163 49
163 137
163 199
163 287
164 45
164 142
165 243
166 136
167 280
168 39
169 26
170 273
171 115
172 48
173 129
173 282
174 61
174 277
175 0
175 27
175 279
176 99
176 141
177 0
177 200
178 0
178 89
179 81
179 133
180 0
181 0
181 25
181 152
181 238
182 0
182 202
183 0
183 120
183 225
183 298
184 268
185 212
186 92
187 281
188 0
188 20
188 24
189 255
190 216
191 70
192 74
193 0
193 162
194 16
195 120
196 10
197 17
198 74
199 149
199 163
200 177
201 101
202 182
202 230
203 41
204 71
205 299
206 105
206 254
207 108
207 127
208 229
208 284
209 0
210 262
211 19
212 185
212 221
213 43
213 155
214 127
215 253
215 293
216 7
216 38
216 98
216 190
216 223
217 0
217 138
217 248
218 154
219 38
220 59
221 27
221 132
221 157
221 212
221 271
222 102
223 216
223 232
224 0
224 54
225 6
225 84
225 183
226 11
227 9
227 105
227 236
228 0
228 246
229 208
230 202
231 0
232 223
233 90
233 101
233 245
234 33
235 127
236 1
236 227
237 13
237 71
237 128
238 181
239 278
240 145
241 0
242 260
243 111
243 165
244 0
245 107
245 233
246 228
247 0
247 55
248 42
248 217
249 0
249 147
250 85
251 49
252 74
253 127
253 215
253 263
254 206
255 120
255 189
256 160
257 0
258 27
259 48
259 69
260 0
260 242
261 0
262 0
262 111
262 210
263 79
263 91
263 100
263 159
263 253
264 0
264 81
265 156
266 272
267 0
267 3
268 72
268 184
269 95
270 44
271 86
271 221
272 0
272 266
273 57
273 170
273 285
274 0
274 18
274 73
274 114
274 151
275 154
276 138
276 280
277 174
278 0
278 239
279 33
279 175
280 167
280 276
281 0
281 187
282 173
283 58
284 35
284 208
285 273
286 39
287 83
287 154
287 163
288 81
289 0
289 38
290 105
291 130
292 102
293 215
294 152
295 102
296 5
297 0
298 50
298 183
299 127
299 205
