-185.000000
150
0 1
0 3
0 4
0 5
0 8
0 10
0 12
0 16
0 17
0 25
0 27
0 28
0 32
0 36
0 40
0 42
0 45
0 59
0 62
0 71
0 78
0 83
0 89
0 96
0 98
0 105
0 107
0 108
0 111
0 116
0 124
0 131
0 140
0 141
0 143
1 0
1 72
2 36
2 76
3 0
3 41
3 101
4 0
4 35
4 80
4 84
5 0
5 56
6 47
6 108
7 12
8 0
8 125
9 10
10 0
10 9
11 96
12 0
12 7
12 23
13 75
13 106
14 20
14 31
14 54
15 40
16 0
16 54
17 0
17 128
17 146
18 84
19 85
20 14
21 59
22 38
22 51
22 82
23 12
23 70
23 74
24 130
25 0
25 147
26 106
27 0
27 79
27 110
27 118
27 145
28 0
28 113
29 93
30 72
30 85
31 14
32 0
32 115
33 124
33 137
34 107
34 109
35 4
36 0
36 2
36 119
37 57
37 98
38 22
39 141
40 0
40 15
40 130
40 144
41 3
41 69
42 0
42 148
43 48
44 53
45 0
45 68
46 53
47 6
47 49
47 103
48 43
48 121
48 132
48 144
49 47
49 64
50 58
50 67
50 126
51 22
51 99
51 113
52 123
53 44
53 46
53 60
54 14
54 16
55 94
55 142
56 5
57 37
57 100
57 114
58 50
58 112
59 0
59 21
60 53
60 148
61 73
61 141
62 0
62 104
63 103
64 49
65 86
65 109
66 97
66 117
67 50
67 140
68 45
69 41
69 93
69 135
70 23
71 0
71 134
72 1
72 30
72 87
73 61
73 77
74 23
75 13
75 111
76 2
77 73
78 0
78 127
78 139
79 27
80 4
81 83
81 149
82 22
83 0
83 81
84 4
84 18
85 19
85 30
86 65
87 72
88 131
89 0
90 123
90 127
91 95
92 133
93 29
93 69
94 55
95 91
95 102
96 0
96 11
97 66
97 99
98 0
98 37
99 51
99 97
100 57
101 3
102 95
102 105
103 47
103 63
104 62
105 0
105 102
106 13
106 26
106 136
107 0
107 34
108 0
108 6
109 34
109 65
109 138
110 27
111 0
111 75
112 58
113 28
113 51
114 57
115 32
116 0
117 66
118 27
119 36
119 120
120 119
121 48
122 126
123 52
123 90
124 0
124 33
125 8
126 50
126 122
127 78
127 90
128 17
128 133
129 134
130 24
130 40
131 0
131 88
132 48
133 92
133 128
134 71
134 129
135 69
136 106
137 33
138 109
139 78
140 0
140 67
141 0
141 39
141 61
142 55
142 143
143 0
143 142
144 40
144 48
145 27
146 17
147 25
148 42
148 60
149 81
