2337.000000
350
0 13
0 18
0 27
0 36
0 50
0 53
0 54
0 58
0 64
0 65
0 66
0 76
0 78
0 85
0 87
0 90
0 98
0 100
0 110
0 112
0 114
0 118
0 124
0 129
0 132
0 135
0 136
0 139
0 141
0 145
0 152
0 156
0 158
0 160
0 163
0 172
0 174
0 184
0 186
0 190
0 192
0 193
0 196
0 200
0 210
0 211
0 233
0 258
0 260
0 262
0 263
0 264
0 268
0 270
0 271
0 273
0 274
0 275
0 281
0 286
0 287
0 294
0 299
0 302
0 312
0 314
0 316
0 320
0 323
0 325
0 327
0 335
0 338
0 344
0 345
1 127
2 323
3 36
4 68
5 160
6 298
7 11
7 309
8 98
8 178
9 50
9 236
10 152
10 185
11 7
11 68
11 102
11 174
12 202
13 0
13 97
13 202
14 96
15 163
16 30
17 332
18 0
18 277
19 312
20 226
21 276
21 287
22 57
22 221
23 240
24 76
24 115
25 27
26 222
27 0
27 25
27 219
27 230
28 56
29 87
29 232
30 16
30 336
31 48
31 228
31 323
31 331
32 34
32 161
33 171
34 32
34 44
34 320
35 168
35 343
36 0
36 3
37 57
38 332
39 193
40 140
40 244
41 197
42 336
43 57
44 34
45 150
45 155
45 201
46 181
46 323
47 167
48 31
49 299
50 0
50 9
50 171
50 182
50 207
50 212
50 279
51 88
51 123
51 234
51 330
52 141
53 0
53 113
54 0
54 255
54 306
55 192
56 28
56 84
56 143
57 22
57 37
57 43
57 108
57 132
57 224
58 0
59 95
60 110
60 238
60 340
61 159
61 278
62 124
63 129
63 217
64 0
64 80
64 93
64 99
64 119
64 188
64 293
64 321
64 347
65 0
65 237
66 0
67 91
68 4
68 11
68 116
69 299
70 140
71 128
71 310
72 193
72 203
72 208
72 246
72 267
73 226
74 344
75 80
76 0
76 24
77 130
77 157
78 0
78 151
79 212
80 64
80 75
80 288
81 178
82 192
82 245
83 96
84 56
85 0
85 253
86 263
87 0
87 29
88 51
89 147
89 196
90 0
90 261
91 67
91 135
92 211
93 64
94 270
95 59
95 186
96 14
96 83
96 272
97 13
97 227
98 0
98 8
99 64
99 111
100 0
100 326
101 190
102 11
103 236
104 272
105 156
105 249
105 298
106 264
107 108
108 57
108 107
109 311
110 0
110 60
111 99
112 0
112 175
112 284
112 301
113 53
114 0
114 216
114 229
114 243
115 24
115 231
116 68
117 186
118 0
119 64
120 172
121 190
122 139
123 51
124 0
124 62
125 344
126 316
127 1
127 157
127 223
127 324
128 71
129 0
129 63
129 296
129 317
130 77
131 302
132 0
132 57
133 252
134 192
135 0
135 91
135 197
136 0
136 254
137 258
138 156
139 0
139 122
140 40
140 70
140 284
140 303
141 0
141 52
142 314
143 56
143 260
144 335
145 0
146 222
147 89
148 160
149 287
150 45
150 262
151 78
152 0
152 10
152 191
153 208
154 304
155 45
155 291
156 0
156 105
156 138
157 77
157 127
158 0
158 209
159 61
160 0
160 5
160 148
161 32
162 312
163 0
163 15
163 337
163 339
164 170
164 285
165 172
166 345
167 47
167 289
168 35
168 260
168 332
169 326
170 164
171 33
171 50
172 0
172 120
172 165
173 177
173 218
173 292
174 0
174 11
174 310
175 112
175 194
176 229
177 173
177 295
178 8
178 81
178 333
179 324
180 208
181 46
182 50
183 229
184 0
184 318
185 10
186 0
186 95
186 117
186 226
186 256
186 272
187 246
188 64
189 190
190 0
190 101
190 121
190 189
191 152
192 0
192 55
192 82
192 134
192 199
192 280
193 0
193 39
193 72
193 220
194 175
195 284
195 349
196 0
196 89
197 41
197 135
198 210
199 192
200 0
201 45
202 12
202 13
203 72
204 255
205 227
206 264
206 300
207 50
208 72
208 153
208 180
209 158
210 0
210 198
211 0
211 92
212 50
212 79
213 338
214 259
215 288
216 114
217 63
218 173
219 27
220 193
220 329
221 22
222 26
222 146
222 255
223 127
224 57
225 246
226 20
226 73
226 186
226 308
226 330
227 97
227 205
227 283
227 307
227 315
228 31
229 114
229 176
229 183
229 336
230 27
231 115
232 29
233 0
234 51
235 281
235 297
236 9
236 103
237 65
238 60
238 311
239 243
240 23
240 308
241 260
242 327
243 114
243 239
244 40
245 82
246 72
246 187
246 225
247 263
248 262
249 105
250 335
251 267
252 133
252 290
253 85
253 322
253 342
254 136
255 54
255 204
255 222
256 186
257 277
258 0
258 137
259 214
259 265
259 341
260 0
260 143
260 168
260 241
261 90
262 0
262 150
262 248
262 278
262 319
263 0
263 86
263 247
263 346
264 0
264 106
264 206
265 259
266 310
267 72
267 251
268 0
269 334
270 0
270 94
271 0
272 96
272 104
272 186
273 0
273 282
274 0
275 0
276 21
277 18
277 257
278 61
278 262
278 305
279 50
280 192
281 0
281 235
281 285
282 273
283 227
284 112
284 140
284 195
285 164
285 281
286 0
287 0
287 21
287 149
287 334
287 341
288 80
288 215
289 167
289 317
290 252
290 325
291 155
292 173
293 64
294 0
294 348
295 177
295 323
296 129
297 235
298 6
298 105
299 0
299 49
299 69
300 206
301 112
302 0
302 131
303 140
304 154
304 317
305 278
306 54
307 227
308 226
308 240
309 7
310 71
310 174
310 266
310 328
311 109
311 238
312 0
312 19
312 162
313 324
314 0
314 142
315 227
316 0
316 126
317 129
317 289
317 304
318 184
319 262
320 0
320 34
320 324
321 64
322 253
323 0
323 2
323 31
323 46
323 295
324 127
324 179
324 313
324 320
325 0
325 290
326 100
326 169
327 0
327 242
328 310
329 220
330 51
330 226
331 31
332 17
332 38
332 168
333 178
334 269
334 287
335 0
335 144
335 250
336 30
336 42
336 229
337 163
338 0
338 213
339 163
340 60
341 259
341 287
342 253
343 35
344 0
344 74
344 125
345 0
345 166
346 263
347 64
348 294
349 195
