705.000000
100
0 1
0 6
0 10
0 14
0 16
0 17
0 21
0 28
0 29
0 38
0 42
0 56
0 59
0 62
0 72
0 77
0 79
0 81
0 90
0 94
0 95
1 0
2 15
3 24
4 52
5 58
5 79
6 0
6 82
7 56
8 62
9 14
9 61
10 0
10 52
11 69
11 96
12 80
13 24
13 53
13 66
14 0
14 9
14 69
15 2
15 29
16 0
17 0
18 44
19 47
20 84
21 0
22 54
22 80
23 86
24 3
24 13
24 85
24 98
25 46
26 44
27 32
27 60
28 0
28 76
29 0
29 15
29 49
30 50
30 79
31 33
31 39
32 27
32 41
32 55
32 62
32 68
33 31
33 42
34 96
35 54
36 69
37 49
38 0
38 71
38 88
38 92
39 31
40 70
40 90
41 32
41 86
42 0
42 33
43 82
44 18
44 26
44 65
45 48
46 25
46 99
47 19
47 55
48 45
48 77
49 29
49 37
49 80
50 30
51 62
52 4
52 10
52 67
53 13
53 73
53 75
54 22
54 35
55 32
55 47
56 0
56 7
56 65
57 62
58 5
59 0
59 87
60 27
61 9
62 0
62 8
62 32
62 51
62 57
62 63
62 97
63 62
64 72
65 44
65 56
65 74
66 13
66 79
67 52
68 32
69 11
69 14
69 36
70 40
71 38
72 0
72 64
72 84
73 53
74 65
75 53
76 28
76 89
77 0
77 48
78 83
78 93
78 99
79 0
79 5
79 30
79 66
80 12
80 22
80 49
81 0
82 6
82 43
83 78
84 20
84 72
85 24
86 23
86 41
87 59
88 38
89 76
90 0
90 40
90 99
91 92
92 38
92 91
93 78
94 0
95 0
96 11
96 34
97 62
98 24
99 46
99 78
99 90
