1326.000000
200
0 1
0 5
0 7
0 22
0 27
0 29
0 30
0 36
0 46
0 49
0 58
0 62
0 74
0 79
0 80
0 82
0 87
0 92
0 93
0 102
0 103
0 104
0 106
0 109
0 119
0 136
0 139
0 144
0 147
0 152
0 155
0 156
0 163
0 167
0 169
0 170
0 184
0 191
0 193
1 0
1 141
2 21
2 116
3 98
4 71
5 0
5 42
5 69
5 122
5 189
6 40
6 151
6 186
7 0
7 70
8 42
8 176
9 114
10 25
11 134
12 55
13 146
14 104
15 46
16 50
17 162
18 59
19 26
20 78
20 118
20 159
21 2
22 0
22 66
22 120
22 130
23 116
23 170
24 87
25 10
25 95
25 198
26 19
26 57
27 0
28 107
28 156
29 0
29 124
29 182
30 0
30 91
30 125
30 188
31 130
32 67
32 138
32 150
33 109
34 82
35 91
36 0
36 81
37 166
38 98
39 174
40 6
40 196
41 102
42 5
42 8
42 185
43 44
44 43
44 72
44 88
44 145
45 113
46 0
46 15
46 94
46 165
47 147
48 136
48 181
49 0
50 16
50 137
50 162
50 184
51 53
52 165
53 51
53 139
54 113
55 12
55 170
56 150
57 26
57 79
58 0
58 154
58 158
59 18
59 183
60 71
61 187
62 0
62 95
62 114
63 108
64 110
64 152
65 98
65 101
66 22
67 32
68 185
69 5
69 190
70 7
71 4
71 60
71 75
71 111
71 128
71 171
71 184
72 44
73 137
74 0
75 71
76 100
76 132
76 149
76 175
77 158
78 20
79 0
79 57
79 98
80 0
80 89
80 180
80 195
81 36
81 149
82 0
82 34
82 86
82 129
82 131
82 134
82 143
83 139
84 193
85 92
86 82
86 160
87 0
87 24
87 97
88 44
88 156
89 80
90 171
91 30
91 35
91 153
92 0
92 85
93 0
93 123
93 166
94 46
95 25
95 62
96 162
97 87
97 174
98 3
98 38
98 65
98 79
98 187
99 169
100 76
101 65
102 0
102 41
103 0
103 199
104 0
104 14
105 144
106 0
107 28
108 63
108 140
108 144
109 0
109 33
109 172
110 64
111 71
112 163
113 45
113 54
113 184
114 9
114 62
115 187
116 2
116 23
117 134
118 20
119 0
119 142
120 22
121 156
122 5
123 93
124 29
125 30
126 163
126 192
127 184
128 71
129 82
130 22
130 31
130 164
131 82
132 76
133 191
134 11
134 82
134 117
134 194
135 156
136 0
136 48
136 179
137 50
137 73
138 32
138 168
139 0
139 53
139 83
139 148
140 108
141 1
142 119
143 82
144 0
144 105
144 108
145 44
145 159
146 13
146 195
147 0
147 47
148 139
149 76
149 81
150 32
150 56
150 152
151 6
152 0
152 64
152 150
152 197
153 91
154 58
155 0
156 0
156 28
156 88
156 121
156 135
156 161
156 173
156 178
157 162
158 58
158 77
159 20
159 145
160 86
161 156
162 17
162 50
162 96
162 157
163 0
163 112
163 126
164 130
165 46
165 52
166 37
166 93
167 0
167 183
168 138
169 0
169 99
170 0
170 23
170 55
171 71
171 90
172 109
173 156
174 39
174 97
175 76
176 8
177 191
178 156
179 136
180 80
181 48
182 29
183 59
183 167
184 0
184 50
184 71
184 113
184 127
185 42
185 68
186 6
186 191
187 61
187 98
187 115
188 30
189 5
190 69
191 0
191 133
191 177
191 186
192 126
193 0
193 84
194 134
195 80
195 146
196 40
197 152
198 25
199 103
