2733.000000
400
0 1
0 22
0 26
0 37
0 40
0 52
0 55
0 57
0 60
0 61
0 63
0 65
0 69
0 79
0 81
0 83
0 89
0 107
0 115
0 120
0 123
0 126
0 132
0 134
0 151
0 152
0 166
0 170
0 171
0 181
0 184
0 198
0 209
0 210
0 213
0 224
0 225
0 227
0 233
0 235
0 239
0 243
0 244
0 249
0 250
0 253
0 255
0 257
0 260
0 271
0 275
0 291
0 298
0 300
0 306
0 307
0 310
0 315
0 320
0 323
0 324
0 332
0 345
0 359
0 361
0 364
0 376
0 380
0 386
0 387
0 389
0 397
1 0
1 259
2 184
3 233
4 86
5 55
6 387
7 41
8 122
9 399
10 124
10 185
10 392
11 52
11 199
12 312
13 178
14 291
15 119
16 380
17 303
18 33
18 117
19 221
20 347
21 140
22 0
22 29
23 185
23 290
23 374
24 37
24 207
24 245
25 104
26 0
26 72
26 205
26 238
26 247
26 248
26 269
26 325
26 356
26 357
26 393
27 43
27 52
27 131
27 173
27 381
28 253
29 22
29 293
30 303
31 237
32 182
33 18
33 120
34 219
34 289
35 140
36 226
37 0
37 24
37 369
38 41
38 277
39 123
40 0
40 373
41 7
41 38
41 101
42 158
42 166
43 27
44 350
45 128
45 272
46 347
47 330
47 361
48 185
48 195
48 287
49 57
49 130
50 281
50 362
51 200
51 261
52 0
52 11
52 27
52 237
52 301
52 340
52 347
52 377
53 78
53 104
53 113
53 133
53 256
54 201
55 0
55 5
55 169
56 219
57 0
57 49
57 142
57 182
57 189
58 344
59 345
60 0
60 208
61 0
61 246
62 120
63 0
63 108
64 217
65 0
65 185
65 204
65 270
65 360
66 399
67 152
68 134
69 0
69 333
69 363
70 195
71 152
72 26
72 336
73 183
74 347
75 329
76 311
77 229
78 53
78 162
78 255
78 317
78 344
79 0
79 163
79 202
79 241
79 311
80 351
81 0
81 349
82 353
83 0
84 149
84 222
85 227
85 328
86 4
86 332
87 350
88 134
89 0
89 276
90 345
91 380
92 271
93 273
93 376
94 201
95 211
96 120
96 128
97 211
97 388
98 114
98 189
98 308
99 329
100 302
101 41
101 120
102 103
103 102
103 219
103 230
104 25
104 53
105 360
106 202
107 0
107 125
107 153
108 63
109 294
110 152
111 255
112 265
113 53
114 98
115 0
116 235
117 18
118 265
119 15
119 217
119 335
120 0
120 33
120 62
120 96
120 101
120 232
121 261
122 8
122 211
123 0
123 39
123 194
124 10
125 107
126 0
127 359
127 384
128 45
128 96
129 250
129 281
130 49
131 27
132 0
133 53
134 0
134 68
134 88
135 304
136 243
137 300
137 319
138 217
139 201
140 21
140 35
140 169
141 382
142 57
142 350
143 160
143 231
143 378
144 317
145 154
146 332
147 267
148 154
148 260
149 84
150 265
151 0
151 252
151 370
152 0
152 67
152 71
152 110
152 395
153 107
154 145
154 148
155 201
156 184
157 241
158 42
158 212
159 225
160 143
161 364
162 78
163 79
164 218
164 363
165 235
166 0
166 42
167 281
168 239
169 55
169 140
169 191
170 0
171 0
171 383
172 366
173 27
174 303
175 237
176 210
177 233
177 391
178 13
178 183
178 201
178 351
178 386
179 344
180 344
181 0
181 190
182 32
182 57
183 73
183 178
183 197
183 305
183 338
183 365
184 0
184 2
184 156
184 203
185 10
185 23
185 48
185 65
185 262
185 304
185 342
185 358
186 274
186 297
186 310
186 375
187 217
188 399
189 57
189 98
189 229
190 181
190 353
191 169
192 201
193 370
194 123
195 48
195 70
196 352
196 375
197 183
198 0
198 371
199 11
199 354
200 51
201 54
201 94
201 139
201 155
201 178
201 192
201 368
202 79
202 106
203 184
204 65
204 221
205 26
206 250
207 24
207 280
208 60
208 313
209 0
210 0
210 176
211 95
211 97
211 122
211 219
211 242
211 291
211 334
212 158
213 0
213 263
214 315
215 302
216 304
217 64
217 119
217 138
217 187
217 387
218 164
219 34
219 56
219 103
219 211
220 351
221 19
221 204
222 84
222 323
223 228
223 324
223 372
224 0
224 236
224 329
225 0
225 159
226 36
226 370
227 0
227 85
228 223
229 77
229 189
230 103
231 143
232 120
233 0
233 3
233 177
233 327
234 396
235 0
235 116
235 165
235 316
236 224
237 31
237 52
237 175
238 26
239 0
239 168
240 344
241 79
241 157
241 382
242 211
243 0
243 136
244 0
245 24
246 61
247 26
248 26
249 0
249 396
250 0
250 129
250 206
250 264
251 349
252 151
252 254
253 0
253 28
254 252
255 0
255 78
255 111
255 282
255 367
256 53
257 0
258 274
259 1
260 0
260 148
260 261
261 51
261 121
261 260
261 337
262 185
263 213
264 250
265 112
265 118
265 150
265 291
266 298
267 147
267 312
267 331
267 359
268 378
269 26
270 65
271 0
271 92
271 288
272 45
273 93
274 186
274 258
275 0
275 346
276 89
277 38
278 317
279 320
279 394
280 207
281 50
281 129
281 167
282 255
283 292
284 380
284 390
285 345
286 352
287 48
288 271
289 34
290 23
291 0
291 14
291 211
291 265
292 283
292 345
293 29
294 109
294 321
294 325
295 319
296 395
297 186
297 366
298 0
298 266
299 376
300 0
300 137
301 52
301 318
302 100
302 215
302 340
303 17
303 30
303 174
303 310
304 135
304 185
304 216
305 183
306 0
307 0
308 98
309 373
310 0
310 186
310 303
311 76
311 79
311 314
312 12
312 267
312 385
313 208
314 311
315 0
315 214
316 235
317 78
317 144
317 278
317 343
318 301
319 137
319 295
320 0
320 279
321 294
322 344
323 0
323 222
324 0
324 223
325 26
325 294
326 387
326 399
327 233
328 85
329 75
329 99
329 224
330 47
331 267
331 398
332 0
332 86
332 146
333 69
334 211
335 119
336 72
337 261
338 183
339 387
340 52
340 302
341 393
342 185
343 317
344 58
344 78
344 179
344 180
344 240
344 322
345 0
345 59
345 90
345 285
345 292
346 275
347 20
347 46
347 52
347 74
348 369
349 81
349 251
350 44
350 87
350 142
351 80
351 178
351 220
351 379
352 196
352 286
353 82
353 190
354 199
355 380
356 26
357 26
358 185
359 0
359 127
359 267
360 65
360 105
361 0
361 47
362 50
363 69
363 164
364 0
364 161
365 183
366 172
366 297
367 255
368 201
369 37
369 348
370 151
370 193
370 226
371 198
372 223
373 40
373 309
374 23
375 186
375 196
376 0
376 93
376 299
377 52
378 143
378 268
378 387
379 351
380 0
380 16
380 91
380 284
380 355
381 27
382 141
382 241
383 171
384 127
385 312
386 0
386 178
387 0
387 6
387 217
387 326
387 339
387 378
388 97
389 0
390 284
391 177
392 10
393 26
393 341
394 279
395 152
395 296
396 234
396 249
397 0
398 331
399 9
399 66
399 188
399 326
