-124.000000
100
0 5
0 22
0 27
0 29
0 45
0 52
0 61
0 69
0 70
0 80
0 82
0 83
0 84
0 88
0 95
1 19
1 55
2 5
2 11
2 39
2 63
3 49
4 13
4 67
5 0
5 2
5 59
5 81
6 20
6 92
7 86
8 86
9 62
9 92
10 28
10 55
11 2
12 42
13 4
13 73
14 84
15 48
15 81
16 27
16 44
16 72
17 78
17 88
18 56
18 89
19 1
19 38
20 6
20 35
21 94
22 0
22 57
22 58
23 43
24 74
24 88
25 30
25 46
26 95
27 0
27 16
28 10
29 0
29 86
30 25
31 46
31 49
31 69
31 71
32 74
33 89
34 45
34 54
35 20
36 93
37 95
38 19
39 2
40 98
41 43
41 47
41 72
41 79
42 12
42 99
43 23
43 41
44 16
45 0
45 34
46 25
46 31
47 41
48 15
49 3
49 31
49 98
50 86
50 97
51 52
51 77
52 0
52 51
53 98
54 34
54 93
55 1
55 10
55 84
55 85
56 18
56 67
56 93
57 22
58 22
58 92
59 5
60 65
61 0
61 64
61 76
61 99
62 9
63 2
63 68
64 61
64 87
65 60
65 86
66 88
67 4
67 56
68 63
69 0
69 31
70 0
71 31
72 16
72 41
73 13
74 24
74 32
75 90
75 96
76 61
77 51
78 17
79 41
80 0
81 5
81 15
82 0
82 96
83 0
84 0
84 14
84 55
85 55
85 91
86 7
86 8
86 29
86 50
86 65
87 64
88 0
88 17
88 24
88 66
89 18
89 33
90 75
91 85
92 6
92 9
92 58
93 36
93 54
93 56
94 21
94 99
95 0
95 26
95 37
96 75
96 82
97 50
98 40
98 49
98 53
99 42
99 61
99 94
