-229.000000
250
0 5
0 8
0 16
0 29
0 34
0 37
0 44
0 45
0 50
0 51
0 56
0 59
0 62
0 68
0 72
0 73
0 77
0 90
0 93
0 95
0 105
0 106
0 112
0 130
0 142
0 151
0 156
0 160
0 163
0 169
0 173
0 187
0 190
0 200
0 208
0 211
0 213
0 214
0 219
0 224
0 225
0 230
0 243
0 244
0 249
1 11
1 92
1 236
2 235
3 200
3 206
4 210
5 0
5 165
5 193
6 46
7 158
7 216
8 0
8 41
8 48
8 220
9 104
10 12
11 1
11 14
12 10
12 64
12 133
12 160
12 215
12 232
13 196
14 11
15 38
15 184
16 0
16 102
17 60
17 143
18 125
19 153
20 28
21 195
22 87
22 122
23 79
24 209
25 235
26 102
27 172
28 20
28 123
28 156
29 0
29 78
29 157
30 123
31 115
31 135
31 196
32 121
32 130
32 194
32 217
33 85
33 171
34 0
34 83
34 185
35 235
36 238
37 0
37 117
38 15
38 237
39 87
39 120
39 246
40 59
40 149
41 8
41 46
41 138
41 207
42 102
43 61
43 70
43 91
43 106
43 145
44 0
45 0
45 205
45 239
46 6
46 41
47 211
48 8
49 173
49 245
50 0
50 79
50 191
51 0
51 229
52 83
53 106
54 234
55 74
55 193
56 0
56 241
57 201
58 78
59 0
59 40
60 17
60 88
60 112
61 43
62 0
62 218
63 218
64 12
65 147
66 147
67 136
68 0
69 225
70 43
70 179
70 240
71 180
71 195
71 244
72 0
72 129
73 0
73 248
74 55
75 196
76 243
77 0
77 144
78 29
78 58
79 23
79 50
80 249
81 100
81 163
81 189
82 154
83 34
83 52
83 199
84 105
84 155
85 33
85 97
86 95
86 182
87 22
87 39
88 60
89 234
90 0
90 170
91 43
92 1
92 223
93 0
93 146
94 215
95 0
95 86
95 159
96 125
97 85
97 186
98 168
99 103
99 233
100 81
101 176
101 192
102 16
102 26
102 42
102 110
103 99
103 243
104 9
104 211
105 0
105 84
105 222
106 0
106 43
106 53
107 224
108 137
109 181
109 193
110 102
110 212
111 169
112 0
112 60
112 247
113 146
113 188
114 169
115 31
116 216
117 37
117 174
118 140
118 151
118 235
119 184
120 39
120 208
121 32
122 22
122 242
123 28
123 30
124 222
125 18
125 96
125 203
126 175
126 213
127 193
128 219
129 72
130 0
130 32
130 238
131 163
132 137
132 157
133 12
134 173
135 31
136 67
136 187
137 108
137 132
137 226
138 41
139 231
139 244
140 118
140 210
141 163
142 0
142 202
143 17
144 77
144 172
145 43
146 93
146 113
146 153
147 65
147 66
147 191
148 155
149 40
150 196
151 0
151 118
152 241
153 19
153 146
154 82
154 156
155 84
155 148
156 0
156 28
156 154
157 29
157 132
158 7
159 95
160 0
160 12
161 245
162 216
162 219
163 0
163 81
163 131
163 141
164 244
165 5
166 183
167 175
168 98
168 248
169 0
169 111
169 114
170 90
171 33
171 174
172 27
172 144
173 0
173 49
173 134
174 117
174 171
175 126
175 167
176 101
176 214
177 196
178 221
178 224
179 70
180 71
181 109
182 86
182 209
183 166
183 206
184 15
184 119
184 187
185 34
186 97
187 0
187 136
187 184
188 113
189 81
190 0
190 234
191 50
191 147
192 101
193 5
193 55
193 109
193 127
194 32
195 21
195 71
196 13
196 31
196 75
196 150
196 177
196 225
197 234
198 205
199 83
200 0
200 3
201 57
201 224
202 142
203 125
203 224
204 212
205 45
205 198
206 3
206 183
207 41
208 0
208 120
209 24
209 182
210 4
210 140
211 0
211 47
211 104
212 110
212 204
213 0
213 126
214 0
214 176
215 12
215 94
216 7
216 116
216 162
217 32
218 62
218 63
218 228
219 0
219 128
219 162
219 227
220 8
221 178
222 105
222 124
223 92
224 0
224 107
224 178
224 201
224 203
225 0
225 69
225 196
226 137
227 219
228 218
228 236
229 51
230 0
231 139
232 12
233 99
234 54
234 89
234 190
234 197
235 2
235 25
235 35
235 118
236 1
236 228
237 38
238 36
238 130
239 45
240 70
241 56
241 152
242 122
243 0
243 76
243 103
244 0
244 71
244 139
244 164
245 49
245 161
246 39
247 112
248 73
248 168
249 0
249 80
