1065.000000
150
0 4
0 5
0 13
0 19
0 22
0 28
0 32
0 34
0 43
0 47
0 53
0 54
0 59
0 68
0 69
0 70
0 75
0 77
0 84
0 89
0 91
0 94
0 96
0 97
0 104
0 108
0 113
0 116
0 124
0 136
0 137
0 145
0 147
0 149
1 31
2 11
2 79
3 125
4 0
5 0
5 82
5 110
6 123
7 89
8 41
9 111
10 52
11 2
11 149
12 38
13 0
13 20
13 87
13 88
14 111
15 27
15 92
16 81
17 122
18 115
19 0
19 21
19 120
20 13
20 23
20 67
20 98
20 105
20 139
21 19
21 74
22 0
22 106
23 20
24 97
25 119
26 112
27 15
28 0
28 29
28 52
28 56
28 62
28 140
29 28
30 143
31 1
31 69
31 71
32 0
32 101
33 115
33 149
34 0
35 114
35 132
36 124
37 63
37 90
38 12
38 42
38 45
38 53
38 121
38 131
39 146
40 94
41 8
41 54
41 107
42 38
43 0
43 44
44 43
45 38
46 121
47 0
47 86
47 122
48 86
49 133
50 59
51 115
51 148
52 10
52 28
53 0
53 38
54 0
54 41
55 95
56 28
57 108
58 115
59 0
59 50
59 81
60 70
61 95
62 28
63 37
64 125
65 123
66 81
67 20
68 0
69 0
69 31
70 0
70 60
71 31
71 123
72 129
73 96
74 21
75 0
76 90
76 116
77 0
78 86
78 129
78 138
78 142
79 2
80 92
80 103
81 16
81 59
81 66
81 146
82 5
83 90
84 0
85 103
85 112
86 47
86 48
86 78
86 119
87 13
88 13
89 0
89 7
89 103
89 133
90 37
90 76
90 83
91 0
92 15
92 80
93 143
94 0
94 40
95 55
95 61
95 103
96 0
96 73
97 0
97 24
98 20
99 134
100 103
100 128
101 32
102 134
103 80
103 85
103 89
103 95
103 100
104 0
105 20
106 22
107 41
107 143
108 0
108 57
109 116
109 125
110 5
111 9
111 14
111 116
111 130
112 26
112 85
113 0
114 35
115 18
115 33
115 51
115 58
116 0
116 76
116 109
116 111
117 123
118 119
119 25
119 86
119 118
120 19
120 126
120 132
121 38
121 46
122 17
122 47
123 6
123 65
123 71
123 117
124 0
124 36
124 127
125 3
125 64
125 109
126 120
127 124
128 100
129 72
129 78
130 111
131 38
132 35
132 120
133 49
133 89
134 99
134 102
134 135
135 134
135 149
136 0
137 0
138 78
139 20
140 28
141 144
141 146
142 78
143 30
143 93
143 107
144 141
145 0
146 39
146 81
146 141
147 0
148 51
149 0
149 11
149 33
149 135
